2025-06-30 10:15:40,453 - INFO - Bot has been paused via API.
2025-06-30 10:15:43,531 - INFO - Bot has been resumed via API.
2025-06-30 10:15:58,930 - INFO - OTT check for hotstar: FAIL | Screenshot: screenshots\shot_hotstar_20250630_101532.png
2025-06-30 10:16:25,831 - INFO - OTT check for sonyliv: FAIL | Screenshot: screenshots\shot_sonyliv_20250630_101602.png
2025-06-30 10:16:46,874 - ERROR - Telegram send photo failed: HTTPSConnectionPool(host='api.telegram.org', port=443): Read timed out. (read timeout=20)
2025-06-30 10:16:59,689 - ERROR - Task was destroyed but it is pending!
task: <Task pending name='Task-34' coro=<Page.goto() done, defined at C:\Users\Admin\AppData\Local\Programs\Python\Python313\Lib\site-packages\playwright\_impl\_page.py:545> wait_for=<Future pending cb=[Task.task_wakeup()]> cb=[SyncBase._sync.<locals>.<lambda>() at C:\Users\Admin\AppData\Local\Programs\Python\Python313\Lib\site-packages\playwright\_impl\_sync_base.py:111, ProtocolCallback.__init__.<locals>.cb() at C:\Users\Admin\AppData\Local\Programs\Python\Python313\Lib\site-packages\playwright\_impl\_connection.py:198]>
2025-06-30 10:29:02,235 - WARNING - IP 203.0.113.10 is flagged or rotation forced. Rotating...
2025-06-30 10:29:23,730 - INFO - OTT check for hotstar: FAIL | Screenshot: screenshots\shot_hotstar_20250630_102902.png
2025-06-30 10:29:48,478 - INFO - OTT check for sonyliv: FAIL | Screenshot: screenshots\shot_sonyliv_20250630_102925.png
2025-06-30 10:30:14,322 - ERROR - Task was destroyed but it is pending!
task: <Task pending name='Task-34' coro=<Page.goto() done, defined at C:\Users\Admin\AppData\Local\Programs\Python\Python313\Lib\site-packages\playwright\_impl\_page.py:545> wait_for=<Future pending cb=[Task.task_wakeup()]> cb=[SyncBase._sync.<locals>.<lambda>() at C:\Users\Admin\AppData\Local\Programs\Python\Python313\Lib\site-packages\playwright\_impl\_sync_base.py:111, ProtocolCallback.__init__.<locals>.cb() at C:\Users\Admin\AppData\Local\Programs\Python\Python313\Lib\site-packages\playwright\_impl\_connection.py:198]>
OTT check for hotstar: FAIL | Screenshot: screenshots\shot_hotstar_20250630_111957.png
OTT check for sonyliv: FAIL | Screenshot: screenshots\shot_sonyliv_20250630_112021.png
OTT check for zee5: FAIL | Screenshot: screenshots\shot_zee5_20250630_112101.png
IP 203.0.113.10 failed OTT check. Rotating IP.
OTT check for hotstar: FAIL | Screenshot: screenshots\shot_hotstar_20250630_112728.png
OTT check for sonyliv: FAIL | Screenshot: screenshots\shot_sonyliv_20250630_112751.png
OTT check for zee5: FAIL | Screenshot: screenshots\shot_zee5_20250630_112820.png
IP 203.0.113.11 failed OTT check. Rotating IP.
OTT check for hotstar: FAIL | Screenshot: screenshots\shot_hotstar_20250630_113440.png
OTT check for sonyliv: FAIL | Screenshot: screenshots\shot_sonyliv_20250630_113506.png
OTT check for zee5: FAIL | Screenshot: screenshots\shot_zee5_20250630_113534.png
IP 203.0.113.12 failed OTT check. Rotating IP.
Max retries reached. Entering SAFE MODE.
SmartBot Started
IP 203.0.113.10 is flagged or rotation forced. Rotating...
IP 203.0.113.11 is flagged or rotation forced. Rotating...
IP 203.0.113.12 is flagged or rotation forced. Rotating...
Checking OTT for hotstar...
OTT check for hotstar: FAIL | Screenshot: screenshots\shot_hotstar_20250630_113959.png
Checking OTT for sonyliv...
OTT check for sonyliv: FAIL | Screenshot: screenshots\shot_sonyliv_20250630_114023.png
Checking OTT for zee5...
OTT check for zee5: FAIL | Screenshot: screenshots\shot_zee5_20250630_114058.png
SmartBot Started
IP 203.0.113.10 is flagged or rotation forced. Rotating...
IP 203.0.113.11 is flagged or rotation forced. Rotating...
IP 203.0.113.12 is flagged or rotation forced. Rotating...
IP 203.0.113.13 is flagged or rotation forced. Rotating...
Checking OTT for hotstar...
SmartBot Started
Checking OTT for hotstar...
Video element not found for hotstar.
OTT check for hotstar: FAIL | DRM detected: False | Screenshot: screenshots\shot_hotstar_20250630_115144_final.png
Checking OTT for sonyliv...
Video element not found for sonyliv.
OTT check for sonyliv: FAIL | DRM detected: False | Screenshot: screenshots\shot_sonyliv_20250630_115222_final.png
Checking OTT for zee5...
SmartBot Started
IP 203.0.113.10 is flagged or rotation forced. Rotating...
Checking OTT for hotstar...
Video element not found for hotstar.
OTT check for hotstar: FAIL | DRM detected: False | Screenshot: screenshots\shot_hotstar_20250630_115816_final.png
Checking OTT for sonyliv...
Video element not found for sonyliv.
OTT check for sonyliv: FAIL | DRM detected: False | Screenshot: screenshots\shot_sonyliv_20250630_115854_final.png
Checking OTT for zee5...
Video element not found for zee5.
OTT check for zee5: FAIL | DRM detected: False | Screenshot: screenshots\shot_zee5_20250630_115941_final.png
Telegram send photo failed: ('Connection aborted.', TimeoutError('The write operation timed out'))
IP 203.0.113.11 failed OTT check. Rotating IP.
Loop finished. Sleeping for 300 seconds.
Checking OTT for hotstar...
Video element not found for hotstar.
OTT check for hotstar: FAIL | DRM detected: False | Screenshot: screenshots\shot_hotstar_20250630_120550_final.png
Checking OTT for sonyliv...
Video element not found for sonyliv.
OTT check for sonyliv: FAIL | DRM detected: False | Screenshot: screenshots\shot_sonyliv_20250630_120628_final.png
Checking OTT for zee5...
Video element not found for zee5.
OTT check for zee5: FAIL | DRM detected: False | Screenshot: screenshots\shot_zee5_20250630_120706_final.png
IP 203.0.113.12 failed OTT check. Rotating IP.
Loop finished. Sleeping for 300 seconds.
Checking OTT for hotstar...
Video element not found for hotstar.
OTT check for hotstar: FAIL | DRM detected: False | Screenshot: screenshots\shot_hotstar_20250630_121302_final.png
Checking OTT for sonyliv...
Video element not found for sonyliv.
OTT check for sonyliv: FAIL | DRM detected: False | Screenshot: screenshots\shot_sonyliv_20250630_121340_final.png
Checking OTT for zee5...
Video element not found for zee5.
OTT check for zee5: FAIL | DRM detected: False | Screenshot: screenshots\shot_zee5_20250630_121422_final.png
IP 203.0.113.13 failed OTT check. Rotating IP.
Max retries reached. Entering SAFE MODE.
Loop finished. Sleeping for 300 seconds.
Bot is paused or in safe mode. Sleeping...
Bot is paused or in safe mode. Sleeping...
Bot is paused or in safe mode. Sleeping...
Bot is paused or in safe mode. Sleeping...
Bot is paused or in safe mode. Sleeping...
Bot is paused or in safe mode. Sleeping...
Bot is paused or in safe mode. Sleeping...
Bot is paused or in safe mode. Sleeping...
Bot is paused or in safe mode. Sleeping...
Bot is paused or in safe mode. Sleeping...
Bot is paused or in safe mode. Sleeping...
Bot is paused or in safe mode. Sleeping...
Bot is paused or in safe mode. Sleeping...
Bot is paused or in safe mode. Sleeping...
Bot is paused or in safe mode. Sleeping...
Bot is paused or in safe mode. Sleeping...
Bot is paused or in safe mode. Sleeping...
Bot is paused or in safe mode. Sleeping...
Bot is paused or in safe mode. Sleeping...
Bot is paused or in safe mode. Sleeping...
Bot is paused or in safe mode. Sleeping...
Bot is paused or in safe mode. Sleeping...
Bot is paused or in safe mode. Sleeping...
Bot is paused or in safe mode. Sleeping...
Bot is paused or in safe mode. Sleeping...
Bot is paused or in safe mode. Sleeping...
Bot is paused or in safe mode. Sleeping...
Bot is paused or in safe mode. Sleeping...
Bot is paused or in safe mode. Sleeping...
Bot is paused or in safe mode. Sleeping...
Bot is paused or in safe mode. Sleeping...
Bot is paused or in safe mode. Sleeping...
Bot is paused or in safe mode. Sleeping...
Bot is paused or in safe mode. Sleeping...
Bot is paused or in safe mode. Sleeping...
Bot is paused or in safe mode. Sleeping...
Bot is paused or in safe mode. Sleeping...
Bot is paused or in safe mode. Sleeping...
Bot is paused or in safe mode. Sleeping...
Bot is paused or in safe mode. Sleeping...
Bot is paused or in safe mode. Sleeping...
Bot is paused or in safe mode. Sleeping...
Bot is paused or in safe mode. Sleeping...
Bot is paused or in safe mode. Sleeping...
Bot is paused or in safe mode. Sleeping...
Bot is paused or in safe mode. Sleeping...
Bot is paused or in safe mode. Sleeping...
Bot is paused or in safe mode. Sleeping...
Bot is paused or in safe mode. Sleeping...
Bot is paused or in safe mode. Sleeping...
Bot is paused or in safe mode. Sleeping...
Bot is paused or in safe mode. Sleeping...
Bot is paused or in safe mode. Sleeping...
Bot is paused or in safe mode. Sleeping...
Bot is paused or in safe mode. Sleeping...
Bot is paused or in safe mode. Sleeping...
Bot is paused or in safe mode. Sleeping...
Bot is paused or in safe mode. Sleeping...
Bot is paused or in safe mode. Sleeping...
Bot is paused or in safe mode. Sleeping...
Bot is paused or in safe mode. Sleeping...
Bot is paused or in safe mode. Sleeping...
Bot is paused or in safe mode. Sleeping...
Bot is paused or in safe mode. Sleeping...
Bot is paused or in safe mode. Sleeping...
Bot is paused or in safe mode. Sleeping...
Bot is paused or in safe mode. Sleeping...
Bot is paused or in safe mode. Sleeping...
Bot is paused or in safe mode. Sleeping...
Bot is paused or in safe mode. Sleeping...
Bot is paused or in safe mode. Sleeping...
Bot is paused or in safe mode. Sleeping...
Bot is paused or in safe mode. Sleeping...
Bot is paused or in safe mode. Sleeping...
Bot is paused or in safe mode. Sleeping...
Bot is paused or in safe mode. Sleeping...
Bot is paused or in safe mode. Sleeping...
Bot is paused or in safe mode. Sleeping...
Bot is paused or in safe mode. Sleeping...
Bot is paused or in safe mode. Sleeping...
Bot is paused or in safe mode. Sleeping...
Bot is paused or in safe mode. Sleeping...
Bot is paused or in safe mode. Sleeping...
Bot is paused or in safe mode. Sleeping...
Bot is paused or in safe mode. Sleeping...
Bot is paused or in safe mode. Sleeping...
Bot is paused or in safe mode. Sleeping...
Bot is paused or in safe mode. Sleeping...
Bot is paused or in safe mode. Sleeping...
Bot is paused or in safe mode. Sleeping...
Bot is paused or in safe mode. Sleeping...
Bot is paused or in safe mode. Sleeping...
Bot is paused or in safe mode. Sleeping...
Bot is paused or in safe mode. Sleeping...
Bot is paused or in safe mode. Sleeping...
Bot is paused or in safe mode. Sleeping...
Bot is paused or in safe mode. Sleeping...
Bot is paused or in safe mode. Sleeping...
Bot is paused or in safe mode. Sleeping...
Bot is paused or in safe mode. Sleeping...
Bot is paused or in safe mode. Sleeping...
Bot is paused or in safe mode. Sleeping...
Bot is paused or in safe mode. Sleeping...
Bot is paused or in safe mode. Sleeping...
Bot is paused or in safe mode. Sleeping...
Bot is paused or in safe mode. Sleeping...
Bot is paused or in safe mode. Sleeping...
Bot is paused or in safe mode. Sleeping...
Bot is paused or in safe mode. Sleeping...
Bot is paused or in safe mode. Sleeping...
Bot is paused or in safe mode. Sleeping...
Bot is paused or in safe mode. Sleeping...
Bot is paused or in safe mode. Sleeping...
Bot is paused or in safe mode. Sleeping...
Bot is paused or in safe mode. Sleeping...
Bot is paused or in safe mode. Sleeping...
Bot is paused or in safe mode. Sleeping...
Bot is paused or in safe mode. Sleeping...
Bot is paused or in safe mode. Sleeping...
Bot is paused or in safe mode. Sleeping...
Bot is paused or in safe mode. Sleeping...
Bot is paused or in safe mode. Sleeping...
Bot is paused or in safe mode. Sleeping...
Bot is paused or in safe mode. Sleeping...
Bot is paused or in safe mode. Sleeping...
Bot is paused or in safe mode. Sleeping...
Bot is paused or in safe mode. Sleeping...
Bot is paused or in safe mode. Sleeping...
Bot is paused or in safe mode. Sleeping...
Bot is paused or in safe mode. Sleeping...
Bot is paused or in safe mode. Sleeping...
Bot is paused or in safe mode. Sleeping...
Bot is paused or in safe mode. Sleeping...
Bot is paused or in safe mode. Sleeping...
Bot is paused or in safe mode. Sleeping...
Bot is paused or in safe mode. Sleeping...
Bot is paused or in safe mode. Sleeping...
Bot is paused or in safe mode. Sleeping...
Bot is paused or in safe mode. Sleeping...
Bot is paused or in safe mode. Sleeping...
Bot is paused or in safe mode. Sleeping...
Bot is paused or in safe mode. Sleeping...
Bot is paused or in safe mode. Sleeping...
Bot is paused or in safe mode. Sleeping...
Bot is paused or in safe mode. Sleeping...
Bot is paused or in safe mode. Sleeping...
Bot is paused or in safe mode. Sleeping...
Bot is paused or in safe mode. Sleeping...
Bot is paused or in safe mode. Sleeping...
Bot is paused or in safe mode. Sleeping...
Bot is paused or in safe mode. Sleeping...
Bot is paused or in safe mode. Sleeping...
Bot is paused or in safe mode. Sleeping...
Bot is paused or in safe mode. Sleeping...
Bot is paused or in safe mode. Sleeping...
Bot is paused or in safe mode. Sleeping...
Bot is paused or in safe mode. Sleeping...
Bot is paused or in safe mode. Sleeping...
Bot is paused or in safe mode. Sleeping...
Bot is paused or in safe mode. Sleeping...
Bot is paused or in safe mode. Sleeping...
Bot is paused or in safe mode. Sleeping...
Bot is paused or in safe mode. Sleeping...
Bot is paused or in safe mode. Sleeping...
Bot is paused or in safe mode. Sleeping...
Bot is paused or in safe mode. Sleeping...
Bot is paused or in safe mode. Sleeping...
Bot is paused or in safe mode. Sleeping...
Bot is paused or in safe mode. Sleeping...
Bot is paused or in safe mode. Sleeping...
Bot is paused or in safe mode. Sleeping...
SmartBot Started
Checking OTT for hotstar...
Video element not found for hotstar.
OTT check for hotstar: FAIL | DRM detected: False | Screenshot: screenshots\shot_hotstar_20250630_123451_final.png
Checking OTT for sonyliv...
Video element not found for sonyliv.
OTT check for sonyliv: FAIL | DRM detected: False | Screenshot: screenshots\shot_sonyliv_20250630_123533_final.png
Telegram send photo failed: ('Connection aborted.', ConnectionResetError(10054, 'An existing connection was forcibly closed by the remote host', None, 10054, None))
Checking OTT for zee5...
Video element not found for zee5.
OTT check for zee5: FAIL | DRM detected: False | Screenshot: screenshots\shot_zee5_20250630_123626_final.png
Telegram send photo failed: ('Connection aborted.', TimeoutError('The write operation timed out'))
IP 203.0.113.10 failed OTT check. Rotating IP.
Loop finished. Sleeping for 300 seconds.
Checking OTT for hotstar...
Video element not found for hotstar.
OTT check for hotstar: FAIL | DRM detected: False | Screenshot: screenshots\shot_hotstar_20250630_124234_final.png
Checking OTT for sonyliv...
Video element not found for sonyliv.
OTT check for sonyliv: FAIL | DRM detected: False | Screenshot: screenshots\shot_sonyliv_20250630_124313_final.png
Telegram send photo failed: ('Connection aborted.', TimeoutError('The write operation timed out'))
Checking OTT for zee5...
Video element not found for zee5.
OTT check for zee5: FAIL | DRM detected: False | Screenshot: screenshots\shot_zee5_20250630_124409_final.png
Telegram send photo failed: ('Connection aborted.', TimeoutError('The write operation timed out'))
IP 203.0.113.11 failed OTT check. Rotating IP.
Loop finished. Sleeping for 300 seconds.
Checking OTT for hotstar...
Video element not found for hotstar.
OTT check for hotstar: FAIL | DRM detected: False | Screenshot: screenshots\shot_hotstar_20250630_125017_final.png
Checking OTT for sonyliv...
SmartBot Started
Checking OTT for hotstar...
Video element not found for hotstar.
OTT check for hotstar: FAIL | DRM detected: False | Screenshot: screenshots\shot_hotstar_20250630_132551_final.png
Checking OTT for sonyliv...
Video element not found for sonyliv.
OTT check for sonyliv: FAIL | DRM detected: False | Screenshot: screenshots\shot_sonyliv_20250630_132635_final.png
Checking OTT for zee5...
Video element not found for zee5.
OTT check for zee5: FAIL | DRM detected: False | Screenshot: screenshots\shot_zee5_20250630_132712_final.png
IP 203.0.113.10 failed OTT check. Rotating IP.
Loop finished. Sleeping for 300 seconds.
